Homunculus-android/proguard/seeds.txt
com.jamiltron.homunculus.MainActivity
com.jamiltron.homunculus.MainActivity: MainActivity()
com.jamiltron.homunculus.Settings$Speed: com.jamiltron.homunculus.Settings$Speed[] values()
com.jamiltron.homunculus.Settings$Speed: com.jamiltron.homunculus.Settings$Speed valueOf(java.lang.String)
com.jamiltron.homunculus.controller.WorldController$Keys: com.jamiltron.homunculus.controller.WorldController$Keys[] values()
com.jamiltron.homunculus.controller.WorldController$Keys: com.jamiltron.homunculus.controller.WorldController$Keys valueOf(java.lang.String)
com.jamiltron.homunculus.model.Color: com.jamiltron.homunculus.model.Color[] values()
com.jamiltron.homunculus.model.Color: com.jamiltron.homunculus.model.Color valueOf(java.lang.String)
...
com.badlogic.gdx.backends.android.surfaceview.FillResolutionStrategy
com.badlogic.gdx.backends.android.surfaceview.FillResolutionStrategy: FillResolutionStrategy()
com.badlogic.gdx.backends.android.surfaceview.FillResolutionStrategy: com.badlogic.gdx.backends.android.surfaceview.ResolutionStrategy$MeasuredDimension calcMeasures(int,int)
com.badlogic.gdx.backends.android.surfaceview.FixedResolutionStrategy
com.badlogic.gdx.backends.android.surfaceview.FixedResolutionStrategy: int width
com.badlogic.gdx.backends.android.surfaceview.FixedResolutionStrategy: int height
com.badlogic.gdx.backends.android.surfaceview.FixedResolutionStrategy: FixedResolutionStrategy(int,int)
com.badlogic.gdx.backends.android.surfaceview.FixedResolutionStrategy: com.badlogic.gdx.backends.android.surfaceview.ResolutionStrategy$MeasuredDimension calcMeasures(int,int)
com.badlogic.gdx.backends.android.surfaceview.GLBaseSurfaceView
com.badlogic.gdx.backends.android.surfaceview.GLBaseSurfaceView: boolean LOG_THREADS
com.badlogic.gdx.backends.android.surfaceview.GLBaseSurfaceView: boolean LOG_SURFACE
com.badlogic.gdx.backends.android.surfaceview.GLBaseSurfaceView: boolean LOG_RENDERER
com.badlogic.gdx.backends.android.surfaceview.GLBaseSurfaceView: boolean DRAW_TWICE_AFTER_SIZE_CHANGED
com.badlogic.gdx.backends.android.surfaceview.GLBaseSurfaceView: int RENDERMODE_WHEN_DIRTY
com.badlogic.gdx.backends.android.surfaceview.GLBaseSurfaceView: int RENDERMODE_CONTINUOUSLY
com.badlogic.gdx.backends.android.surfaceview.GLBaseSurfaceView: int DEBUG_CHECK_GL_ERROR
com.badlogic.gdx.backends.android.surfaceview.GLBaseSurfaceView: int DEBUG_LOG_GL_CALLS
com.badlogic.gdx.backends.android.surfaceview.GLBaseSurfaceView: com.badlogic.gdx.backends.android.surfaceview.GLBaseSurfaceView$GLThreadManager sGLThreadManager
com.badlogic.gdx.backends.android.surfaceview.GLBaseSurfaceView: boolean mSizeChanged
com.badlogic.gdx.backends.android.surfaceview.GLBaseSurfaceView: com.badlogic.gdx.backends.android.surfaceview.GLBaseSurfaceView$GLThread mGLThread
com.badlogic.gdx.backends.android.surfaceview.GLBaseSurfaceView: android.opengl.GLSurfaceView$EGLConfigChooser mEGLConfigChooser
com.badlogic.gdx.backends.android.surfaceview.GLBaseSurfaceView: com.badlogic.gdx.backends.android.surfaceview.GLBaseSurfaceView$EGLContextFactory mEGLContextFactory
com.badlogic.gdx.backends.android.surfaceview.GLBaseSurfaceView$BaseConfigChooser
com.badlogic.gdx.backends.android.surfaceview.GLBaseSurfaceView$BaseConfigChooser: int[] mConfigSpec
com.badlogic.gdx.backends.android.surfaceview.GLBaseSurfaceView$BaseConfigChooser: GLBaseSurfaceView$BaseConfigChooser(int[])
com.badlogic.gdx.backends.android.surfaceview.GLBaseSurfaceView$BaseConfigChooser: javax.microedition.khronos.egl.EGLConfig chooseConfig(javax.microedition.khronos.egl.EGL10,javax.microedition.khronos.egl.EGLDisplay)
com.badlogic.gdx.backends.android.surfaceview.GLBaseSurfaceView$BaseConfigChooser: javax.microedition.khronos.egl.EGLConfig chooseConfig(javax.microedition.khronos.egl.EGL10,javax.microedition.khronos.egl.EGLDisplay,javax.microedition.khronos.egl.EGLConfig[])