Homunculus-android/proguard/mapping.txt
com.jamiltron.homunculus.Animation -> com.jamiltron.homunculus.a:
    com.badlogic.gdx.graphics.g2d.TextureRegion[] frames -> a
    float duration -> b
    15:22:com.badlogic.gdx.graphics.g2d.TextureRegion getFrame(float,boolean) -> a
com.jamiltron.homunculus.Assets -> com.jamiltron.homunculus.b:
    java.lang.String path -> br
    java.lang.String highScoresPath -> bs
    java.lang.String settingsPath -> bt
    int TOUCH_BOX -> a
    com.badlogic.gdx.graphics.g2d.TextureAtlas menuAtlas -> bu
    com.badlogic.gdx.graphics.g2d.TextureAtlas gameAtlas -> bv
    int wizardFrames -> b
    float wizardTime -> c
    com.badlogic.gdx.audio.Music titleMusic -> d
    com.badlogic.gdx.audio.Music levelMusic -> e
    com.badlogic.gdx.audio.Sound drop -> f
    com.badlogic.gdx.audio.Sound match -> g
    com.badlogic.gdx.audio.Sound selectMove -> h
    com.badlogic.gdx.audio.Sound selectEnter -> i
    com.badlogic.gdx.audio.Sound rotate -> j
    com.badlogic.gdx.graphics.g2d.TextureRegion startScreenBackground -> k
    com.badlogic.gdx.graphics.g2d.TextureRegion startScreenStretch -> l
    com.badlogic.gdx.graphics.g2d.TextureRegion startScreenTop -> m
    com.badlogic.gdx.graphics.g2d.TextureRegion pressAnyKeyGame -> n
    com.badlogic.gdx.graphics.g2d.TextureRegion tapScreenGame -> o
    com.badlogic.gdx.graphics.g2d.TextureRegion toContinueGame -> p
    com.badlogic.gdx.graphics.g2d.TextureRegion leftArrowMenu -> q
    com.badlogic.gdx.graphics.g2d.TextureRegion leftArrowGame -> r
    com.badlogic.gdx.graphics.g2d.TextureRegion rightArrowMenu -> s
    com.badlogic.gdx.graphics.g2d.TextureRegion rightArrowGame -> t
    com.badlogic.gdx.graphics.g2d.TextureRegion rotrArrowGame -> u
com.jamiltron.homunculus.BuildConfig -> com.jamiltron.homunculus.c:
    boolean DEBUG -> a
com.jamiltron.homunculus.HomunculusGame -> com.jamiltron.homunculus.d:
    com.jamiltron.homunculus.Settings settings -> a
    boolean desktopGame -> b
    java.util.List scores -> c
    com.jamiltron.homunculus.screen.MainMenu mainMenu -> d
    com.jamiltron.homunculus.screen.CreditsScreen creditsScreen -> e
    com.jamiltron.homunculus.screen.GameScreen gameScreen -> f
    com.jamiltron.homunculus.screen.HighScoreScreen highscoreScreen -> g
    com.jamiltron.homunculus.screen.InstructionScreen instructionScreen -> h
    com.jamiltron.homunculus.screen.SettingsScreen settingsScreen -> i
    32:33:void goToMainMenu() -> f
    36:38:void goToSettings() -> g
    41:42:void goToInstructions() -> h
    45:46:void goToHighScores() -> i
    49:50:void goToGame() -> j
    53:54:void goToCredits() -> k
    62:83:void create() -> a
com.jamiltron.homunculus.MainActivity -> com.jamiltron.homunculus.MainActivity:
    11:16:void onCreate(android.os.Bundle) -> onCreate
com.jamiltron.homunculus.R -> com.jamiltron.homunculus.e:
com.jamiltron.homunculus.R$attr -> com.jamiltron.homunculus.f:
com.jamiltron.homunculus.R$drawable -> com.jamiltron.homunculus.g:
    int ic_launcher -> a
com.jamiltron.homunculus.R$layout -> com.jamiltron.homunculus.h:
    int main -> a
com.jamiltron.homunculus.R$string -> com.jamiltron.homunculus.i:
    int app_name -> a
com.jamiltron.homunculus.Settings -> com.jamiltron.homunculus.j:
    int numHomunculi -> a
    com.jamiltron.homunculus.Settings$Speed speed -> b
    boolean musicOn -> c
    boolean soundOn -> d
    14:19:void setHomunculiNum(int) -> a
    22:29:void setSpeed(int) -> b
    34:35:void setMusicOn(boolean) -> a
    38:39:void setSoundOn(boolean) -> b
    42:42:int getHomunculiNum() -> a
    47:52:int getScoreModifier() -> b
    56:56:com.jamiltron.homunculus.Settings$Speed getSpeed() -> c
    60:60:boolean getMusicOn() -> d
    64:64:boolean getSoundOn() -> e
...
android.support.v4.app.FragmentManagerImpl$2 -> android.support.v4.app.t:
    android.support.v4.app.FragmentManagerImpl this$0 -> a
    468:469:void run() -> run
android.support.v4.app.FragmentManagerImpl$3 -> android.support.v4.app.u:
    java.lang.String val$name -> a
    int val$flags -> b
    android.support.v4.app.FragmentManagerImpl this$0 -> c
    484:485:void run() -> run
android.support.v4.app.FragmentManagerImpl$4 -> android.support.v4.app.v:
    int val$id -> a
    int val$flags -> b
    android.support.v4.app.FragmentManagerImpl this$0 -> c
    503:504:void run() -> run
android.support.v4.app.FragmentManagerImpl$5 -> android.support.v4.app.w:
    android.support.v4.app.Fragment val$fragment -> a
    android.support.v4.app.FragmentManagerImpl this$0 -> b
    994:999:void onAnimationEnd(android.view.animation.Animation) -> onAnimationEnd
    1002:1002:void onAnimationRepeat(android.view.animation.Animation) -> onAnimationRepeat
    1005:1005:void onAnimationStart(android.view.animation.Animation) -> onAnimationStart
android.support.v4.app.FragmentManagerState -> android.support.v4.app.FragmentManagerState:
    android.support.v4.app.FragmentState[] mActive -> a
    int[] mAdded -> b
    android.support.v4.app.BackStackState[] mBackStack -> c
    android.os.Parcelable$Creator CREATOR -> CREATOR
    353:353:int describeContents() -> describeContents
    357:360:void writeToParcel(android.os.Parcel,int) -> writeToParcel
android.support.v4.app.FragmentManagerState$1 -> android.support.v4.app.x:
    365:365:android.support.v4.app.FragmentManagerState createFromParcel(android.os.Parcel) -> a
    369:369:android.support.v4.app.FragmentManagerState[] newArray(int) -> a
    363:363:java.lang.Object[] newArray(int) -> newArray
    363:363:java.lang.Object createFromParcel(android.os.Parcel) -> createFromParcel
android.support.v4.app.FragmentPagerAdapter -> android.support.v4.app.y:
    java.lang.String TAG -> c
    boolean DEBUG -> d
    android.support.v4.app.FragmentManager mFragmentManager -> e
    android.support.v4.app.FragmentTransaction mCurTransaction -> f
    android.support.v4.app.Fragment mCurrentPrimaryItem -> g
    android.support.v4.app.Fragment getItem$29859790() -> a
    80:80:void startUpdate$52bc874c() -> b
    84:107:java.lang.Object instantiateItem(android.view.ViewGroup,int) -> a
    112:118:void destroyItem$30510aeb(int,java.lang.Object) -> a
    122:134:void setPrimaryItem$30510aeb(java.lang.Object) -> a
    138:143:void finishUpdate$52bc874c() -> c
    147:147:boolean isViewFromObject(android.view.View,java.lang.Object) -> a
    152:152:android.os.Parcelable saveState() -> d
    157:157:void restoreState(android.os.Parcelable,java.lang.ClassLoader) -> a
    169:169:long getItemId(int) -> a
    173:173:java.lang.String makeFragmentName(int,long) -> a
android.support.v4.app.FragmentState -> android.support.v4.app.FragmentState:
    java.lang.String mClassName -> a
    int mIndex -> b
    boolean mFromLayout -> c
    int mFragmentId -> d
    int mContainerId -> e
    java.lang.String mTag -> f
    boolean mRetainInstance -> g
    boolean mDetached -> h
    android.os.Bundle mArguments -> i
    android.os.Bundle mSavedFragmentState -> j
    android.support.v4.app.Fragment mInstance -> k
    android.os.Parcelable$Creator CREATOR -> CREATOR
    89:116:android.support.v4.app.Fragment instantiate(android.support.v4.app.FragmentActivity,android.support.v4.app.Fragment) -> a
    120:120:int describeContents() -> describeContents
    124:134:void writeToParcel(android.os.Parcel,int) -> writeToParcel
android.support.v4.app.FragmentState$1 -> android.support.v4.app.z:
    139:139:android.support.v4.app.FragmentState createFromParcel(android.os.Parcel) -> a
    143:143:android.support.v4.app.FragmentState[] newArray(int) -> a
    137:137:java.lang.Object[] newArray(int) -> newArray
    137:137:java.lang.Object createFromParcel(android.os.Parcel) -> createFromParcel