Homunculus-android/proguard/usage.txt
com.jamiltron.homunculus.Assets:
    private static final java.lang.String path
    private static final java.lang.String highScoresPath
    private static final java.lang.String settingsPath
    public static final int TOUCH_BOX
    public static final int wizardFrames
    public static final float wizardTime
    17:17:public Assets()
com.jamiltron.homunculus.BuildConfig
com.jamiltron.homunculus.R
com.jamiltron.homunculus.R$attr
com.jamiltron.homunculus.R$drawable
com.jamiltron.homunculus.R$layout
com.jamiltron.homunculus.R$string
com.jamiltron.homunculus.controller.WorldController:
    public static final float rotateDelay
    private static final float SLOW_NORMAL
    private static final float SLOW_FAST
    private static final float MED_NORMAL
    private static final float MED_FAST
    private static final float FAST_NORMAL
    private static final float FAST_FAST
    74:75:public void continuePress()
    78:79:public void continueRelease()
com.jamiltron.homunculus.model.Component:
    public static final float DYING_TIME
com.jamiltron.homunculus.model.Homunculus:
    public static final float DYING_TIME
com.jamiltron.homunculus.model.Spell:
    32:37:public Spell(com.jamiltron.homunculus.model.Component,com.jamiltron.homunculus.model.Component)
    48:48:public float top()
    56:56:public float left()
    60:60:public float right()
com.jamiltron.homunculus.model.World:
    public static final float BOX_X
    public static final float BOX_Y
    public static final float BOTTOM
    public static final float ENTRY_X
    public static final float ENTRY_Y
    public static final float COLS
    public static final float ROWS
    public static final float ROW_RAND_MIN
    public static final float X_MIN
    public static final float X_MAX
    public static final float Y_MIN
    public static final float Y_MAX
    102:102:public com.jamiltron.homunculus.model.Color getGrid(com.jamiltron.homunculus.model.Component)
    110:111:public World(int)
com.jamiltron.homunculus.screen.CreditsScreen:
    private static final float CAMERA_W
    private static final float CAMERA_H
    private static final float SCALE
    private static final float SMALL
    private static final float SMALLER
    108:108:public boolean mouseMoved(int,int)
    113:113:public boolean scrolled(int)
    199:200:public void dispose()
com.jamiltron.homunculus.screen.GameScreen:
    private static final float CAMERA_W
    private static final float CAMERA_H
    private static final float LEFT_X
    private static final float LEFT_W
    private static final float LEFT_Y
    private static final float LEFT_H
    private static final float DOWN_X
    private static final float DOWN_W
    private static final float DOWN_Y
    private static final float DOWN_H
    private static final float RIGHT_X
    private static final float RIGHT_W
    private static final float RIGHT_Y
    private static final float RIGHT_H
    private static final float ROTR_X
    private static final float ROTR_W
    private static final float ROTR_Y
    private static final float ROTR_H
    119:121:public void dispose()
    215:215:public boolean mouseMoved(int,int)
    295:295:public boolean scrolled(int)
com.jamiltron.homunculus.screen.HighScoreScreen:
    private static final float CAMERA_W
    private static final float CAMERA_H
    private static final float SCALE
    private static final float TEXT_X
    87:87:public boolean mouseMoved(int,int)
    93:93:public boolean scrolled(int)
    177:178:public void dispose()
com.jamiltron.homunculus.screen.InstructionScreen:
    private static final float CAMERA_W
    private static final float CAMERA_H
    private static final float SCALE
    private static final float TEXT_X
    88:88:public boolean mouseMoved(int,int)
    94:94:public boolean scrolled(int)
    197:198:public void dispose()
...
com.badlogic.gdx.graphics.g2d.TextureAtlas$TextureAtlasData:
    187:187:public com.badlogic.gdx.utils.Array getPages()
    191:191:public com.badlogic.gdx.utils.Array getRegions()
com.badlogic.gdx.graphics.g2d.TextureRegion:
    44:47:public TextureRegion(com.badlogic.gdx.graphics.Texture,int,int)
    56:59:public TextureRegion(com.badlogic.gdx.graphics.Texture,float,float,float,float)
    62:64:public TextureRegion(com.badlogic.gdx.graphics.g2d.TextureRegion)
    75:77:public void setRegion(com.badlogic.gdx.graphics.Texture)
    115:116:public void setTexture(com.badlogic.gdx.graphics.Texture)
    119:119:public float getU()
    123:125:public void setU(float)
    128:128:public float getV()
    132:134:public void setV(float)
    137:137:public float getU2()
    141:143:public void setU2(float)
    146:146:public float getV2()
    150:152:public void setV2(float)
    159:160:public void setRegionX(int)
    167:168:public void setRegionY(int)
    176:177:public void setRegionWidth(int)
    185:186:public void setRegionHeight(int)
    202:202:public boolean isFlipX()
    206:206:public boolean isFlipY()
    214:224:public void scroll(float,float)
    235:252:public com.badlogic.gdx.graphics.g2d.TextureRegion[][] split(int,int)
    264:265:public static com.badlogic.gdx.graphics.g2d.TextureRegion[][] split(com.badlogic.gdx.graphics.Texture,int,int)
com.badlogic.gdx.graphics.g3d.AnimatedModelInstance
com.badlogic.gdx.graphics.g3d.AnimatedModelNode
com.badlogic.gdx.graphics.g3d.ModelLoaderHints
com.badlogic.gdx.graphics.g3d.ModelRenderer
com.badlogic.gdx.graphics.g3d.StillModelInstance
com.badlogic.gdx.graphics.g3d.StillModelNode
com.badlogic.gdx.graphics.g3d.decals.CameraGroupStrategy
com.badlogic.gdx.graphics.g3d.decals.CameraGroupStrategy$1
com.badlogic.gdx.graphics.g3d.decals.CameraGroupStrategy$2
com.badlogic.gdx.graphics.g3d.decals.Decal
com.badlogic.gdx.graphics.g3d.decals.DecalBatch
com.badlogic.gdx.graphics.g3d.decals.DecalBatch$1
com.badlogic.gdx.graphics.g3d.decals.DecalMaterial
com.badlogic.gdx.graphics.g3d.decals.DefaultGroupStrategy
com.badlogic.gdx.graphics.g3d.decals.GroupPlug
com.badlogic.gdx.graphics.g3d.decals.GroupStrategy
com.badlogic.gdx.graphics.g3d.decals.PluggableGroupStrategy
com.badlogic.gdx.graphics.g3d.decals.SimpleOrthoGroupStrategy
com.badlogic.gdx.graphics.g3d.decals.SimpleOrthoGroupStrategy$Comparator
com.badlogic.gdx.graphics.g3d.loaders.KeyframedModelLoader
com.badlogic.gdx.graphics.g3d.loaders.ModelLoader
com.badlogic.gdx.graphics.g3d.loaders.ModelLoaderRegistry
com.badlogic.gdx.graphics.g3d.loaders.SkeletonModelLoader
com.badlogic.gdx.graphics.g3d.loaders.StillModelLoader
com.badlogic.gdx.graphics.g3d.loaders.g3d.G3dConstants
com.badlogic.gdx.graphics.g3d.loaders.g3d.G3dLoader
com.badlogic.gdx.graphics.g3d.loaders.g3d.G3dLoader$G3dKeyframedModelLoader
com.badlogic.gdx.graphics.g3d.loaders.g3d.G3dLoader$G3dSkeletonModelLoader
com.badlogic.gdx.graphics.g3d.loaders.g3d.G3dLoader$G3dStillModelLoader
com.badlogic.gdx.graphics.g3d.loaders.g3d.G3dtLoader
com.badlogic.gdx.graphics.g3d.loaders.g3d.G3dtLoader$G3dtKeyframedModelLoader
com.badlogic.gdx.graphics.g3d.loaders.g3d.G3dtLoader$G3dtStillModelLoader
com.badlogic.gdx.graphics.g3d.loaders.g3d.chunks.ChunkReader
com.badlogic.gdx.graphics.g3d.loaders.g3d.chunks.ChunkReader$Chunk
com.badlogic.gdx.graphics.g3d.loaders.g3d.chunks.ChunkWriter
com.badlogic.gdx.graphics.g3d.loaders.g3d.chunks.ChunkWriter$Chunk
com.badlogic.gdx.graphics.g3d.loaders.g3d.chunks.CountingDataInputStream
com.badlogic.gdx.graphics.g3d.loaders.g3d.chunks.G3dExporter
com.badlogic.gdx.graphics.g3d.loaders.md2.MD2Frame
com.badlogic.gdx.graphics.g3d.loaders.md2.MD2Header
com.badlogic.gdx.graphics.g3d.loaders.md2.MD2Loader
com.badlogic.gdx.graphics.g3d.loaders.md2.MD2Loader$MD2LoaderHints
com.badlogic.gdx.graphics.g3d.loaders.md2.MD2Loader$VertexIndices
com.badlogic.gdx.graphics.g3d.loaders.md2.MD2Normals
com.badlogic.gdx.graphics.g3d.loaders.md2.MD2Triangle